Flow report for horloge
Tue Dec 17 17:37:27 2024
Quartus II 64-Bit Version 13.1.0 Build 162 10/23/2013 SJ Web Edition


---------------------
; Table of Contents ;
---------------------
  1. Legal Notice
  2. Flow Summary
  3. Flow Settings
  4. Flow Non-Default Global Settings
  5. Flow Elapsed Time
  6. Flow OS Summary
  7. Flow Log
  8. Flow Messages
  9. Flow Suppressed Messages



----------------
; Legal Notice ;
----------------
Copyright (C) 1991-2013 Altera Corporation
Your use of Altera Corporation's design tools, logic functions 
and other software and tools, and its AMPP partner logic 
functions, and any output files from any of the foregoing 
(including device programming or simulation files), and any 
associated documentation or information are expressly subject 
to the terms and conditions of the Altera Program License 
Subscription Agreement, Altera MegaCore Function License 
Agreement, or other applicable license agreement, including, 
without limitation, that your use is for the sole purpose of 
programming logic devices manufactured by Altera and sold by 
Altera or its authorized distributors.  Please refer to the 
applicable agreement for further details.



+------------------------------------------------------------------------------+
; Flow Summary                                                                 ;
+---------------------------------+--------------------------------------------+
; Flow Status                     ; Successful - Tue Dec 17 17:37:27 2024      ;
; Quartus II 64-Bit Version       ; 13.1.0 Build 162 10/23/2013 SJ Web Edition ;
; Revision Name                   ; horloge                                    ;
; Top-level Entity Name           ; cpt_dcpt                                   ;
; Family                          ; Cyclone V                                  ;
; Device                          ; 5CGXFC7C7F23C8                             ;
; Timing Models                   ; Final                                      ;
; Logic utilization (in ALMs)     ; 89 / 56,480 ( < 1 % )                      ;
; Total registers                 ; 58                                         ;
; Total pins                      ; 46 / 268 ( 17 % )                          ;
; Total virtual pins              ; 0                                          ;
; Total block memory bits         ; 0 / 7,024,640 ( 0 % )                      ;
; Total DSP Blocks                ; 0 / 156 ( 0 % )                            ;
; Total HSSI RX PCSs              ; 0 / 6 ( 0 % )                              ;
; Total HSSI PMA RX Deserializers ; 0 / 6 ( 0 % )                              ;
; Total HSSI TX PCSs              ; 0 / 6 ( 0 % )                              ;
; Total HSSI TX Channels          ; 0 / 6 ( 0 % )                              ;
; Total PLLs                      ; 0 / 13 ( 0 % )                             ;
; Total DLLs                      ; 0 / 4 ( 0 % )                              ;
+---------------------------------+--------------------------------------------+


+-----------------------------------------+
; Flow Settings                           ;
+-------------------+---------------------+
; Option            ; Setting             ;
+-------------------+---------------------+
; Start date & time ; 12/17/2024 17:31:32 ;
; Main task         ; Compilation         ;
; Revision Name     ; horloge             ;
+-------------------+---------------------+


+-------------------------------------------------------------------------------------------------------------------------------------------------------------+
; Flow Non-Default Global Settings                                                                                                                            ;
+-------------------------------------+------------------------------------------------------------------------+---------------+-------------+----------------+
; Assignment Name                     ; Value                                                                  ; Default Value ; Entity Name ; Section Id     ;
+-------------------------------------+------------------------------------------------------------------------+---------------+-------------+----------------+
; COMPILER_SIGNATURE_ID               ; 233497580789228.173445309145456                                        ; --            ; --          ; --             ;
; EDA_NETLIST_WRITER_OUTPUT_DIR       ; C:/Users/asus/OneDrive/Bureau/CESI/vhdl/TCompl/Projet/simulation/qsim/ ; --            ; --          ; eda_simulation ;
; EDA_OUTPUT_DATA_FORMAT              ; Verilog Hdl                                                            ; --            ; --          ; eda_simulation ;
; EDA_SIMULATION_TOOL                 ; ModelSim-Altera (Verilog)                                              ; <None>        ; --          ; --             ;
; ENABLE_OCT_DONE                     ; Off                                                                    ; On            ; --          ; --             ;
; PARTITION_COLOR                     ; 16764057                                                               ; --            ; cpt_dcpt    ; Top            ;
; PARTITION_FITTER_PRESERVATION_LEVEL ; PLACEMENT_AND_ROUTING                                                  ; --            ; cpt_dcpt    ; Top            ;
; PARTITION_NETLIST_TYPE              ; SOURCE                                                                 ; --            ; cpt_dcpt    ; Top            ;
; PROJECT_OUTPUT_DIRECTORY            ; output_files                                                           ; --            ; --          ; --             ;
; TOP_LEVEL_ENTITY                    ; cpt_dcpt                                                               ; horloge       ; --          ; --             ;
+-------------------------------------+------------------------------------------------------------------------+---------------+-------------+----------------+


+-------------------------------------------------------------------------------------------------------------------------------+
; Flow Elapsed Time                                                                                                             ;
+---------------------------+--------------+-------------------------+---------------------+------------------------------------+
; Module Name               ; Elapsed Time ; Average Processors Used ; Peak Virtual Memory ; Total CPU Time (on all processors) ;
+---------------------------+--------------+-------------------------+---------------------+------------------------------------+
; Analysis & Synthesis      ; 00:00:04     ; 1.0                     ; 4760 MB             ; 00:00:04                           ;
; Fitter                    ; 00:01:15     ; 2.3                     ; 6509 MB             ; 00:02:10                           ;
; Assembler                 ; 00:00:21     ; 1.0                     ; 4763 MB             ; 00:00:20                           ;
; TimeQuest Timing Analyzer ; 00:00:15     ; 1.0                     ; 5057 MB             ; 00:00:16                           ;
; EDA Netlist Writer        ; 00:00:02     ; 1.0                     ; 4627 MB             ; 00:00:02                           ;
; EDA Netlist Writer        ; 00:00:03     ; 1.0                     ; 4639 MB             ; 00:00:03                           ;
; EDA Netlist Writer        ; 00:00:02     ; 1.0                     ; 4639 MB             ; 00:00:02                           ;
; EDA Netlist Writer        ; 00:00:02     ; 1.0                     ; 4639 MB             ; 00:00:03                           ;
; EDA Netlist Writer        ; 00:00:02     ; 1.0                     ; 4639 MB             ; 00:00:02                           ;
; EDA Netlist Writer        ; 00:00:03     ; 1.0                     ; 4639 MB             ; 00:00:03                           ;
; EDA Netlist Writer        ; 00:00:02     ; 1.0                     ; 4639 MB             ; 00:00:02                           ;
; EDA Netlist Writer        ; 00:00:02     ; 1.0                     ; 4639 MB             ; 00:00:03                           ;
; EDA Netlist Writer        ; 00:00:02     ; 1.0                     ; 4639 MB             ; 00:00:02                           ;
; Total                     ; 00:02:15     ; --                      ; --                  ; 00:03:12                           ;
+---------------------------+--------------+-------------------------+---------------------+------------------------------------+


+----------------------------------------------------------------------------------------+
; Flow OS Summary                                                                        ;
+---------------------------+------------------+-----------+------------+----------------+
; Module Name               ; Machine Hostname ; OS Name   ; OS Version ; Processor type ;
+---------------------------+------------------+-----------+------------+----------------+
; Analysis & Synthesis      ; LAPTOP-3DRA5MA4  ; Windows 7 ; 6.2        ; x86_64         ;
; Fitter                    ; LAPTOP-3DRA5MA4  ; Windows 7 ; 6.2        ; x86_64         ;
; Assembler                 ; LAPTOP-3DRA5MA4  ; Windows 7 ; 6.2        ; x86_64         ;
; TimeQuest Timing Analyzer ; LAPTOP-3DRA5MA4  ; Windows 7 ; 6.2        ; x86_64         ;
; EDA Netlist Writer        ; LAPTOP-3DRA5MA4  ; Windows 7 ; 6.2        ; x86_64         ;
; EDA Netlist Writer        ; LAPTOP-3DRA5MA4  ; Windows 7 ; 6.2        ; x86_64         ;
; EDA Netlist Writer        ; LAPTOP-3DRA5MA4  ; Windows 7 ; 6.2        ; x86_64         ;
; EDA Netlist Writer        ; LAPTOP-3DRA5MA4  ; Windows 7 ; 6.2        ; x86_64         ;
; EDA Netlist Writer        ; LAPTOP-3DRA5MA4  ; Windows 7 ; 6.2        ; x86_64         ;
; EDA Netlist Writer        ; LAPTOP-3DRA5MA4  ; Windows 7 ; 6.2        ; x86_64         ;
; EDA Netlist Writer        ; LAPTOP-3DRA5MA4  ; Windows 7 ; 6.2        ; x86_64         ;
; EDA Netlist Writer        ; LAPTOP-3DRA5MA4  ; Windows 7 ; 6.2        ; x86_64         ;
; EDA Netlist Writer        ; LAPTOP-3DRA5MA4  ; Windows 7 ; 6.2        ; x86_64         ;
+---------------------------+------------------+-----------+------------+----------------+


------------
; Flow Log ;
------------
quartus_map --read_settings_files=on --write_settings_files=off horloge -c horloge
quartus_fit --read_settings_files=off --write_settings_files=off horloge -c horloge
quartus_asm --read_settings_files=off --write_settings_files=off horloge -c horloge
quartus_sta horloge -c horloge
quartus_eda --read_settings_files=off --write_settings_files=off horloge -c horloge
quartus_eda --gen_testbench --check_outputs=on --tool=modelsim_oem --format=verilog horloge -c horloge --vector_source=C:/Users/asus/OneDrive/Bureau/CESI/vhdl/TCompl/Projet/simulation/Waveform_cpt_dcpt_1.vwf --testbench_file=C:/Users/asus/OneDrive/Bureau/CESI/vhdl/TCompl/Projet/simulation/qsim/Waveform_cpt_dcpt_1.vwf.vt
quartus_eda --functional=on --flatten_buses=off --simulation=on --tool=modelsim_oem --format=verilog --output_directory=C:/Users/asus/OneDrive/Bureau/CESI/vhdl/TCompl/Projet/simulation/qsim/ horloge -c horloge
quartus_eda --gen_testbench --check_outputs=on --tool=modelsim_oem --format=verilog horloge -c horloge --vector_source=C:/Users/asus/OneDrive/Bureau/CESI/vhdl/TCompl/Projet/simulation/Waveform_cpt_dcpt_1.vwf --testbench_file=C:/Users/asus/OneDrive/Bureau/CESI/vhdl/TCompl/Projet/simulation/qsim/Waveform_cpt_dcpt_1.vwf.vt
quartus_eda --functional=on --flatten_buses=off --simulation=on --tool=modelsim_oem --format=verilog --output_directory=C:/Users/asus/OneDrive/Bureau/CESI/vhdl/TCompl/Projet/simulation/qsim/ horloge -c horloge
quartus_eda --gen_testbench --check_outputs=on --tool=modelsim_oem --format=verilog horloge -c horloge --vector_source=C:/Users/asus/OneDrive/Bureau/CESI/vhdl/TCompl/Projet/simulation/Waveform_cpt_dcpt_1.vwf --testbench_file=C:/Users/asus/OneDrive/Bureau/CESI/vhdl/TCompl/Projet/simulation/qsim/Waveform_cpt_dcpt_1.vwf.vt
quartus_eda --functional=on --flatten_buses=off --simulation=on --tool=modelsim_oem --format=verilog --output_directory=C:/Users/asus/OneDrive/Bureau/CESI/vhdl/TCompl/Projet/simulation/qsim/ horloge -c horloge
quartus_eda --gen_testbench --check_outputs=on --tool=modelsim_oem --format=verilog horloge -c horloge --vector_source=C:/Users/asus/OneDrive/Bureau/CESI/vhdl/TCompl/Projet/simulation/Waveform_cpt_dcpt_1.vwf --testbench_file=C:/Users/asus/OneDrive/Bureau/CESI/vhdl/TCompl/Projet/simulation/qsim/Waveform_cpt_dcpt_1.vwf.vt
quartus_eda --functional=on --flatten_buses=off --simulation=on --tool=modelsim_oem --format=verilog --output_directory=C:/Users/asus/OneDrive/Bureau/CESI/vhdl/TCompl/Projet/simulation/qsim/ horloge -c horloge



